<?xml version="1.0" encoding="UTF-8"?>
<testng-results skipped="0" failed="0" ignored="0" total="1" passed="1">
  <reporter-output>
  </reporter-output>
  <suite name="Default suite" duration-ms="28177" started-at="2020-09-28T11:51:14Z" finished-at="2020-09-28T11:51:42Z">
    <groups>
    </groups>
    <test name="Default test" duration-ms="28177" started-at="2020-09-28T11:51:14Z" finished-at="2020-09-28T11:51:42Z">
      <class name="com.flipkart.tests.AddItemsToCartTest">
        <test-method status="PASS" signature="runTest()[pri:0, instance:com.flipkart.tests.AddItemsToCartTest@5c072e3f]" name="runTest" duration-ms="26921" started-at="2020-09-28T11:51:14Z" finished-at="2020-09-28T11:51:41Z">
          <reporter-output>
          </reporter-output>
        </test-method> <!-- runTest -->
        <test-method status="PASS" signature="closeBrowser()[pri:0, instance:com.flipkart.tests.AddItemsToCartTest@5c072e3f]" name="closeBrowser" is-config="true" duration-ms="1233" started-at="2020-09-28T11:51:41Z" finished-at="2020-09-28T11:51:42Z">
          <reporter-output>
          </reporter-output>
        </test-method> <!-- closeBrowser -->
      </class> <!-- com.flipkart.tests.AddItemsToCartTest -->
    </test> <!-- Default test -->
  </suite> <!-- Default suite -->
</testng-results>
